This is pdfTeX, Version 3.14159265-2.6-1.40.19 (TeX Live 2018/W32TeX) (preloaded format=pdflatex 2018.8.19)  23 OCT 2018 11:09
entering extended mode
 restricted \write18 enabled.
 %&-line parsing enabled.
**kmeans.tex
(./kmeans.tex
LaTeX2e <2018-04-01> patch level 2
Babel <3.18> and hyphenation patterns for 84 language(s) loaded.
(./IEEEtran.cls
Document Class: IEEEtran 2015/08/26 V1.8b by Michael Shell
-- See the "IEEEtran_HOWTO" manual for usage information.
-- http://www.michaelshell.org/tex/ieeetran/
\@IEEEtrantmpdimenA=\dimen102
\@IEEEtrantmpdimenB=\dimen103
\@IEEEtrantmpdimenC=\dimen104
\@IEEEtrantmpcountA=\count80
\@IEEEtrantmpcountB=\count81
\@IEEEtrantmpcountC=\count82
\@IEEEtrantmptoksA=\toks14
LaTeX Font Info:    Try loading font information for OT1+ppl on input line 503.

(d:/texlive/2018/texmf-dist/tex/latex/psnfss/ot1ppl.fd
File: ot1ppl.fd 2001/06/04 font definitions for OT1/ppl.
)
-- Using IEEE Computer Society mode.
-- Using 8.5in x 11in (letter) paper.
-- Using PDF output.
\@IEEEnormalsizeunitybaselineskip=\dimen105
-- This is a 10 point document.
\CLASSINFOnormalsizebaselineskip=\dimen106
\CLASSINFOnormalsizeunitybaselineskip=\dimen107
\IEEEnormaljot=\dimen108
LaTeX Font Info:    Font shape `OT1/ppl/bx/n' in size <5.01874> not available
(Font)              Font shape `OT1/ppl/b/n' tried instead on input line 1090.
LaTeX Font Info:    Font shape `OT1/ppl/bx/it' in size <5.01874> not available
(Font)              Font shape `OT1/ppl/b/it' tried instead on input line 1090.

LaTeX Font Info:    Font shape `OT1/ppl/bx/n' in size <7.02625> not available
(Font)              Font shape `OT1/ppl/b/n' tried instead on input line 1090.
LaTeX Font Info:    Font shape `OT1/ppl/bx/it' in size <7.02625> not available
(Font)              Font shape `OT1/ppl/b/it' tried instead on input line 1090.

LaTeX Font Info:    Font shape `OT1/ppl/bx/n' in size <8.03> not available
(Font)              Font shape `OT1/ppl/b/n' tried instead on input line 1090.
LaTeX Font Info:    Font shape `OT1/ppl/bx/it' in size <8.03> not available
(Font)              Font shape `OT1/ppl/b/it' tried instead on input line 1090.

LaTeX Font Info:    Font shape `OT1/ppl/bx/n' in size <9.03374> not available
(Font)              Font shape `OT1/ppl/b/n' tried instead on input line 1090.
LaTeX Font Info:    Font shape `OT1/ppl/bx/it' in size <9.03374> not available
(Font)              Font shape `OT1/ppl/b/it' tried instead on input line 1090.

LaTeX Font Info:    Font shape `OT1/ppl/bx/n' in size <9.53561> not available
(Font)              Font shape `OT1/ppl/b/n' tried instead on input line 1090.
LaTeX Font Info:    Font shape `OT1/ppl/bx/it' in size <9.53561> not available
(Font)              Font shape `OT1/ppl/b/it' tried instead on input line 1090.

LaTeX Font Info:    Font shape `OT1/ppl/bx/n' in size <11.04124> not available
(Font)              Font shape `OT1/ppl/b/n' tried instead on input line 1090.
LaTeX Font Info:    Font shape `OT1/ppl/bx/it' in size <11.04124> not available

(Font)              Font shape `OT1/ppl/b/it' tried instead on input line 1090.

LaTeX Font Info:    Font shape `OT1/ppl/bx/n' in size <12.045> not available
(Font)              Font shape `OT1/ppl/b/n' tried instead on input line 1090.
LaTeX Font Info:    Font shape `OT1/ppl/bx/it' in size <12.045> not available
(Font)              Font shape `OT1/ppl/b/it' tried instead on input line 1090.

LaTeX Font Info:    Font shape `OT1/ppl/bx/n' in size <17.06374> not available
(Font)              Font shape `OT1/ppl/b/n' tried instead on input line 1090.
LaTeX Font Info:    Font shape `OT1/ppl/bx/it' in size <17.06374> not available

(Font)              Font shape `OT1/ppl/b/it' tried instead on input line 1090.

LaTeX Font Info:    Font shape `OT1/ppl/bx/n' in size <20.075> not available
(Font)              Font shape `OT1/ppl/b/n' tried instead on input line 1090.
LaTeX Font Info:    Font shape `OT1/ppl/bx/it' in size <20.075> not available
(Font)              Font shape `OT1/ppl/b/it' tried instead on input line 1090.

LaTeX Font Info:    Font shape `OT1/ppl/bx/n' in size <24.09> not available
(Font)              Font shape `OT1/ppl/b/n' tried instead on input line 1090.
LaTeX Font Info:    Font shape `OT1/ppl/bx/it' in size <24.09> not available
(Font)              Font shape `OT1/ppl/b/it' tried instead on input line 1090.

\IEEEquantizedlength=\dimen109
\IEEEquantizedlengthdiff=\dimen110
\IEEEquantizedtextheightdiff=\dimen111
\IEEEilabelindentA=\dimen112
\IEEEilabelindentB=\dimen113
\IEEEilabelindent=\dimen114
\IEEEelabelindent=\dimen115
\IEEEdlabelindent=\dimen116
\IEEElabelindent=\dimen117
\IEEEiednormlabelsep=\dimen118
\IEEEiedmathlabelsep=\dimen119
\IEEEiedtopsep=\skip41
\c@section=\count83
\c@subsection=\count84
\c@subsubsection=\count85
\c@paragraph=\count86
\c@IEEEsubequation=\count87
\abovecaptionskip=\skip42
\belowcaptionskip=\skip43
\c@figure=\count88
\c@table=\count89
\@IEEEeqnnumcols=\count90
\@IEEEeqncolcnt=\count91
\@IEEEsubeqnnumrollback=\count92
\@IEEEquantizeheightA=\dimen120
\@IEEEquantizeheightB=\dimen121
\@IEEEquantizeheightC=\dimen122
\@IEEEquantizeprevdepth=\dimen123
\@IEEEquantizemultiple=\count93
\@IEEEquantizeboxA=\box26
\@IEEEtmpitemindent=\dimen124
\IEEEPARstartletwidth=\dimen125
\c@IEEEbiography=\count94
\@IEEEtranrubishbin=\box27
) (d:/texlive/2018/texmf-dist/tex/latex/preprint/balance.sty
Package: balance 1999/02/23 4.3 (PWD)
\oldvsize=\dimen126
)
(d:/texlive/2018/texmf-dist/tex/latex/amsmath/amsmath.sty
Package: amsmath 2017/09/02 v2.17a AMS math features
\@mathmargin=\skip44

For additional information on amsmath, use the `?' option.
(d:/texlive/2018/texmf-dist/tex/latex/amsmath/amstext.sty
Package: amstext 2000/06/29 v2.01 AMS text

(d:/texlive/2018/texmf-dist/tex/latex/amsmath/amsgen.sty
File: amsgen.sty 1999/11/30 v2.0 generic functions
\@emptytoks=\toks15
\ex@=\dimen127
))
(d:/texlive/2018/texmf-dist/tex/latex/amsmath/amsbsy.sty
Package: amsbsy 1999/11/29 v1.2d Bold Symbols
\pmbraise@=\dimen128
)
(d:/texlive/2018/texmf-dist/tex/latex/amsmath/amsopn.sty
Package: amsopn 2016/03/08 v2.02 operator names
)
\inf@bad=\count95
LaTeX Info: Redefining \frac on input line 213.
\uproot@=\count96
\leftroot@=\count97
LaTeX Info: Redefining \overline on input line 375.
\classnum@=\count98
\DOTSCASE@=\count99
LaTeX Info: Redefining \ldots on input line 472.
LaTeX Info: Redefining \dots on input line 475.
LaTeX Info: Redefining \cdots on input line 596.
\Mathstrutbox@=\box28
\strutbox@=\box29
\big@size=\dimen129
LaTeX Font Info:    Redeclaring font encoding OML on input line 712.
LaTeX Font Info:    Redeclaring font encoding OMS on input line 713.
\macc@depth=\count100
\c@MaxMatrixCols=\count101
\dotsspace@=\muskip10
\c@parentequation=\count102
\dspbrk@lvl=\count103
\tag@help=\toks16
\row@=\count104
\column@=\count105
\maxfields@=\count106
\andhelp@=\toks17
\eqnshift@=\dimen130
\alignsep@=\dimen131
\tagshift@=\dimen132
\tagwidth@=\dimen133
\totwidth@=\dimen134
\lineht@=\dimen135
\@envbody=\toks18
\multlinegap=\skip45
\multlinetaggap=\skip46
\mathdisplay@stack=\toks19
LaTeX Info: Redefining \[ on input line 2817.
LaTeX Info: Redefining \] on input line 2818.
)
(d:/texlive/2018/texmf-dist/tex/latex/amsfonts/amssymb.sty
Package: amssymb 2013/01/14 v3.01 AMS font symbols

(d:/texlive/2018/texmf-dist/tex/latex/amsfonts/amsfonts.sty
Package: amsfonts 2013/01/14 v3.01 Basic AMSFonts support
\symAMSa=\mathgroup4
\symAMSb=\mathgroup5
LaTeX Font Info:    Overwriting math alphabet `\mathfrak' in version `bold'
(Font)                  U/euf/m/n --> U/euf/b/n on input line 106.
))
(d:/texlive/2018/texmf-dist/tex/latex/tools/bm.sty
Package: bm 2017/01/16 v1.2c Bold Symbol Support (DPC/FMi)
\symboldoperators=\mathgroup6
\symboldletters=\mathgroup7
\symboldsymbols=\mathgroup8
LaTeX Font Info:    Redeclaring math alphabet \mathbf on input line 141.
LaTeX Info: Redefining \bm on input line 207.
)
(d:/texlive/2018/texmf-dist/tex/latex/bbm-macros/bbm.sty
Package: bbm 1999/03/15 V 1.2 provides fonts for set symbols - TH
LaTeX Font Info:    Overwriting math alphabet `\mathbbm' in version `bold'
(Font)                  U/bbm/m/n --> U/bbm/bx/n on input line 33.
LaTeX Font Info:    Overwriting math alphabet `\mathbbmss' in version `bold'
(Font)                  U/bbmss/m/n --> U/bbmss/bx/n on input line 35.
) (./algorithm2e.sty
Package: algorithm2e 2013/01/06 v5.00 algorithms environments
\c@AlgoLine=\count107

(d:/texlive/2018/texmf-dist/tex/latex/base/ifthen.sty
Package: ifthen 2014/09/29 v1.1c Standard LaTeX ifthen package (DPC)
)
(d:/texlive/2018/texmf-dist/tex/latex/tools/xspace.sty
Package: xspace 2014/10/28 v1.13 Space after command names (DPC,MH)
)
(d:/texlive/2018/texmf-dist/tex/latex/relsize/relsize.sty
Package: relsize 2013/03/29 ver 4.1
)
********************************************************
Package `algorithm2e' Release 5.0 -- january 06 2013 --
- algorithm2e-announce@lirmm.fr mailing list for announcement about releases
- algorithm2e-discussion@lirmm.fr mailing list for discussion about package
subscribe by emailing sympa@lirmm.fr with 'subscribe <list> <firstname name>'
- Author: Christophe Fiorio (cfiorio@um2.fr)
********************************************************
\skiptotal=\skip47
\skiplinenumber=\skip48
\skiprule=\skip49
\skiphlne=\skip50
\skiptext=\skip51
\skiplength=\skip52
\algomargin=\skip53
\skipalgocfslide=\skip54
\algowidth=\dimen136
\inoutsize=\dimen137
\inoutindent=\dimen138
\interspacetitleruled=\dimen139
\interspacealgoruled=\dimen140
\interspacetitleboxruled=\dimen141
\algocf@inoutbox=\box30
\algocf@inputbox=\box31
\AlCapSkip=\skip55
\AlCapHSkip=\skip56
\algoskipindent=\skip57
\algocf@nlbox=\box32
\algocf@hangingbox=\box33
\algocf@untilbox=\box34
\algocf@skipuntil=\skip58
\algocf@capbox=\box35
\algoheightruledefault=\skip59
\algoheightrule=\skip60
\algotitleheightruledefault=\skip61
\algotitleheightrule=\skip62
\c@algocfline=\count108
\c@algocfproc=\count109
\c@algocf=\count110
\algocf@algoframe=\box36
\algocf@algobox=\box37
) (d:/texlive/2018/texmf-dist/tex/latex/txfonts/txfonts.sty
Package: txfonts 2008/01/22 v3.2.1
LaTeX Font Info:    Redeclaring symbol font `operators' on input line 21.
LaTeX Font Info:    Overwriting symbol font `operators' in version `normal'
(Font)                  OT1/cmr/m/n --> OT1/txr/m/n on input line 21.
LaTeX Font Info:    Overwriting symbol font `operators' in version `bold'
(Font)                  OT1/cmr/bx/n --> OT1/txr/m/n on input line 21.
LaTeX Font Info:    Overwriting symbol font `operators' in version `bold'
(Font)                  OT1/txr/m/n --> OT1/txr/bx/n on input line 22.
\symitalic=\mathgroup9
LaTeX Font Info:    Overwriting symbol font `italic' in version `bold'
(Font)                  OT1/txr/m/it --> OT1/txr/bx/it on input line 26.
LaTeX Font Info:    Redeclaring math alphabet \mathbf on input line 29.
LaTeX Font Info:    Redeclaring math alphabet \mathit on input line 30.
LaTeX Font Info:    Overwriting math alphabet `\mathit' in version `normal'
(Font)                  OT1/cmr/m/it --> OT1/txr/m/it on input line 30.
LaTeX Font Info:    Overwriting math alphabet `\mathit' in version `bold'
(Font)                  OT1/cmr/bx/it --> OT1/txr/m/it on input line 30.
LaTeX Font Info:    Overwriting math alphabet `\mathit' in version `bold'
(Font)                  OT1/txr/m/it --> OT1/txr/bx/it on input line 31.
LaTeX Font Info:    Redeclaring math alphabet \mathsf on input line 40.
LaTeX Font Info:    Overwriting math alphabet `\mathsf' in version `normal'
(Font)                  OT1/cmss/m/n --> OT1/txss/m/n on input line 40.
LaTeX Font Info:    Overwriting math alphabet `\mathsf' in version `bold'
(Font)                  OT1/cmss/bx/n --> OT1/txss/m/n on input line 40.
LaTeX Font Info:    Overwriting math alphabet `\mathsf' in version `bold'
(Font)                  OT1/txss/m/n --> OT1/txss/b/n on input line 41.
LaTeX Font Info:    Redeclaring math alphabet \mathtt on input line 50.
LaTeX Font Info:    Overwriting math alphabet `\mathtt' in version `normal'
(Font)                  OT1/cmtt/m/n --> OT1/txtt/m/n on input line 50.
LaTeX Font Info:    Overwriting math alphabet `\mathtt' in version `bold'
(Font)                  OT1/cmtt/m/n --> OT1/txtt/m/n on input line 50.
LaTeX Font Info:    Overwriting math alphabet `\mathtt' in version `bold'
(Font)                  OT1/txtt/m/n --> OT1/txtt/b/n on input line 51.
LaTeX Font Info:    Redeclaring symbol font `letters' on input line 58.
LaTeX Font Info:    Overwriting symbol font `letters' in version `normal'
(Font)                  OML/cmm/m/it --> OML/txmi/m/it on input line 58.
LaTeX Font Info:    Overwriting symbol font `letters' in version `bold'
(Font)                  OML/cmm/b/it --> OML/txmi/m/it on input line 58.
LaTeX Font Info:    Overwriting symbol font `letters' in version `bold'
(Font)                  OML/txmi/m/it --> OML/txmi/bx/it on input line 59.
\symlettersA=\mathgroup10
LaTeX Font Info:    Overwriting symbol font `lettersA' in version `bold'
(Font)                  U/txmia/m/it --> U/txmia/bx/it on input line 67.
LaTeX Font Info:    Redeclaring math alphabet \mathfrak on input line 70.
LaTeX Font Info:    Redeclaring symbol font `symbols' on input line 77.
LaTeX Font Info:    Overwriting symbol font `symbols' in version `normal'
(Font)                  OMS/cmsy/m/n --> OMS/txsy/m/n on input line 77.
LaTeX Font Info:    Overwriting symbol font `symbols' in version `bold'
(Font)                  OMS/cmsy/b/n --> OMS/txsy/m/n on input line 77.
LaTeX Font Info:    Overwriting symbol font `symbols' in version `bold'
(Font)                  OMS/txsy/m/n --> OMS/txsy/bx/n on input line 78.
LaTeX Font Info:    Redeclaring symbol font `AMSa' on input line 93.
LaTeX Font Info:    Overwriting symbol font `AMSa' in version `normal'
(Font)                  U/msa/m/n --> U/txsya/m/n on input line 93.
LaTeX Font Info:    Overwriting symbol font `AMSa' in version `bold'
(Font)                  U/msa/m/n --> U/txsya/m/n on input line 93.
LaTeX Font Info:    Overwriting symbol font `AMSa' in version `bold'
(Font)                  U/txsya/m/n --> U/txsya/bx/n on input line 94.
LaTeX Font Info:    Redeclaring symbol font `AMSb' on input line 102.
LaTeX Font Info:    Overwriting symbol font `AMSb' in version `normal'
(Font)                  U/msb/m/n --> U/txsyb/m/n on input line 102.
LaTeX Font Info:    Overwriting symbol font `AMSb' in version `bold'
(Font)                  U/msb/m/n --> U/txsyb/m/n on input line 102.
LaTeX Font Info:    Overwriting symbol font `AMSb' in version `bold'
(Font)                  U/txsyb/m/n --> U/txsyb/bx/n on input line 103.
\symsymbolsC=\mathgroup11
LaTeX Font Info:    Overwriting symbol font `symbolsC' in version `bold'
(Font)                  U/txsyc/m/n --> U/txsyc/bx/n on input line 113.
LaTeX Font Info:    Redeclaring symbol font `largesymbols' on input line 120.
LaTeX Font Info:    Overwriting symbol font `largesymbols' in version `normal'
(Font)                  OMX/cmex/m/n --> OMX/txex/m/n on input line 120.
LaTeX Font Info:    Overwriting symbol font `largesymbols' in version `bold'
(Font)                  OMX/cmex/m/n --> OMX/txex/m/n on input line 120.
LaTeX Font Info:    Overwriting symbol font `largesymbols' in version `bold'
(Font)                  OMX/txex/m/n --> OMX/txex/bx/n on input line 121.
\symlargesymbolsA=\mathgroup12
LaTeX Font Info:    Overwriting symbol font `largesymbolsA' in version `bold'
(Font)                  U/txexa/m/n --> U/txexa/bx/n on input line 129.
LaTeX Info: Redefining \not on input line 1043.
)
(d:/texlive/2018/texmf-dist/tex/latex/etoolbox/etoolbox.sty
Package: etoolbox 2018/02/11 v2.5e e-TeX tools for LaTeX (JAW)
\etb@tempcnta=\count111
)
(d:/texlive/2018/texmf-dist/tex/latex/graphics/color.sty
Package: color 2016/07/10 v1.1e Standard LaTeX Color (DPC)

(d:/texlive/2018/texmf-dist/tex/latex/graphics-cfg/color.cfg
File: color.cfg 2016/01/02 v1.6 sample color configuration
)
Package color Info: Driver file: pdftex.def on input line 147.

(d:/texlive/2018/texmf-dist/tex/latex/graphics-def/pdftex.def
File: pdftex.def 2018/01/08 v1.0l Graphics/color driver for pdftex
))
(d:/texlive/2018/texmf-dist/tex/latex/tools/array.sty
Package: array 2018/04/07 v2.4g Tabular extension package (FMi)
\col@sep=\dimen142
\ar@mcellbox=\box38
\extrarowheight=\dimen143
\NC@list=\toks20
\extratabsurround=\skip63
\backup@length=\skip64
\ar@cellbox=\box39
)
(d:/texlive/2018/texmf-dist/tex/latex/graphics/graphicx.sty
Package: graphicx 2017/06/01 v1.1a Enhanced LaTeX Graphics (DPC,SPQR)

(d:/texlive/2018/texmf-dist/tex/latex/graphics/keyval.sty
Package: keyval 2014/10/28 v1.15 key=value parser (DPC)
\KV@toks@=\toks21
)
(d:/texlive/2018/texmf-dist/tex/latex/graphics/graphics.sty
Package: graphics 2017/06/25 v1.2c Standard LaTeX Graphics (DPC,SPQR)

(d:/texlive/2018/texmf-dist/tex/latex/graphics/trig.sty
Package: trig 2016/01/03 v1.10 sin cos tan (DPC)
)
(d:/texlive/2018/texmf-dist/tex/latex/graphics-cfg/graphics.cfg
File: graphics.cfg 2016/06/04 v1.11 sample graphics configuration
)
Package graphics Info: Driver file: pdftex.def on input line 99.
)
\Gin@req@height=\dimen144
\Gin@req@width=\dimen145
)
(d:/texlive/2018/texmf-dist/tex/latex/oberdiek/epstopdf.sty
Package: epstopdf 2016/05/15 v2.6 Conversion with epstopdf on the fly (HO)

(d:/texlive/2018/texmf-dist/tex/latex/oberdiek/epstopdf-base.sty
Package: epstopdf-base 2016/05/15 v2.6 Base part for package epstopdf

(d:/texlive/2018/texmf-dist/tex/generic/oberdiek/infwarerr.sty
Package: infwarerr 2016/05/16 v1.4 Providing info/warning/error messages (HO)
)
(d:/texlive/2018/texmf-dist/tex/latex/oberdiek/grfext.sty
Package: grfext 2016/05/16 v1.2 Manage graphics extensions (HO)

(d:/texlive/2018/texmf-dist/tex/generic/oberdiek/kvdefinekeys.sty
Package: kvdefinekeys 2016/05/16 v1.4 Define keys (HO)

(d:/texlive/2018/texmf-dist/tex/generic/oberdiek/ltxcmds.sty
Package: ltxcmds 2016/05/16 v1.23 LaTeX kernel commands for general use (HO)
)))
(d:/texlive/2018/texmf-dist/tex/latex/oberdiek/kvoptions.sty
Package: kvoptions 2016/05/16 v3.12 Key value format for package options (HO)

(d:/texlive/2018/texmf-dist/tex/generic/oberdiek/kvsetkeys.sty
Package: kvsetkeys 2016/05/16 v1.17 Key value parser (HO)

(d:/texlive/2018/texmf-dist/tex/generic/oberdiek/etexcmds.sty
Package: etexcmds 2016/05/16 v1.6 Avoid name clashes with e-TeX commands (HO)

(d:/texlive/2018/texmf-dist/tex/generic/oberdiek/ifluatex.sty
Package: ifluatex 2016/05/16 v1.4 Provides the ifluatex switch (HO)
Package ifluatex Info: LuaTeX not detected.
)
Package etexcmds Info: Could not find \expanded.
(etexcmds)             That can mean that you are not using pdfTeX 1.50 or
(etexcmds)             that some package has redefined \expanded.
(etexcmds)             In the latter case, load this package earlier.
)))
(d:/texlive/2018/texmf-dist/tex/generic/oberdiek/pdftexcmds.sty
Package: pdftexcmds 2018/01/30 v0.27 Utility functions of pdfTeX for LuaTeX (HO
)

(d:/texlive/2018/texmf-dist/tex/generic/oberdiek/ifpdf.sty
Package: ifpdf 2017/03/15 v3.2 Provides the ifpdf switch
)
Package pdftexcmds Info: LuaTeX not detected.
Package pdftexcmds Info: \pdf@primitive is available.
Package pdftexcmds Info: \pdf@ifprimitive is available.
Package pdftexcmds Info: \pdfdraftmode found.
)
Package epstopdf-base Info: Redefining graphics rule for `.eps' on input line 4
38.
Package grfext Info: Graphics extension search list:
(grfext)             [.pdf,.png,.jpg,.mps,.jpeg,.jbig2,.jb2,.PDF,.PNG,.JPG,.JPE
G,.JBIG2,.JB2,.eps]
(grfext)             \AppendGraphicsExtensions on input line 456.

(d:/texlive/2018/texmf-dist/tex/latex/latexconfig/epstopdf-sys.cfg
File: epstopdf-sys.cfg 2010/07/13 v1.3 Configuration of (r)epstopdf for TeX Liv
e
)))
(d:/texlive/2018/texmf-dist/tex/latex/booktabs/booktabs.sty
Package: booktabs 2016/04/27 v1.618033 publication quality tables
\heavyrulewidth=\dimen146
\lightrulewidth=\dimen147
\cmidrulewidth=\dimen148
\belowrulesep=\dimen149
\belowbottomsep=\dimen150
\aboverulesep=\dimen151
\abovetopsep=\dimen152
\cmidrulesep=\dimen153
\cmidrulekern=\dimen154
\defaultaddspace=\dimen155
\@cmidla=\count112
\@cmidlb=\count113
\@aboverulesep=\dimen156
\@belowrulesep=\dimen157
\@thisruleclass=\count114
\@lastruleclass=\count115
\@thisrulewidth=\dimen158
)
(d:/texlive/2018/texmf-dist/tex/latex/url/url.sty
\Urlmuskip=\muskip11
Package: url 2013/09/16  ver 3.4  Verb mode for urls, etc.
) (./ktmath.sty
Package: ktmath 

(d:/texlive/2018/texmf-dist/tex/latex/ntheorem/ntheorem.sty
Style `ntheorem', Version 1.33 <2011/08/15>
Package: ntheorem 2011/08/15 1.33
\theorem@style=\toks22
\theorem@@style=\toks23
\theorembodyfont=\toks24
\theoremnumbering=\toks25
\theorempreskipamount=\skip65
\theorempostskipamount=\skip66
\theoremframepreskipamount=\skip67
\theoremframepostskipamount=\skip68
\theoreminframepreskipamount=\skip69
\theoreminframepostskipamount=\skip70
\theorem@preskip=\toks26
\theorem@postskip=\toks27
\theorem@framepreskip=\toks28
\theorem@framepostskip=\toks29
\theorem@inframepreskip=\toks30
\theorem@inframepostskip=\toks31
\theoremindent=\dimen159
\theorem@indent=\dimen160
\theoremrightindent=\dimen161
\theorem@rightindent=\dimen162
\theoremheaderfont=\toks32
\theoremseparator=\toks33
\theoremprework=\toks34
\theorempostwork=\toks35
\theoremsymbol=\toks36
\qedsymbol=\toks37
\theoremkeyword=\toks38
\qedsymbol=\toks39
\thm@topsep=\skip71
\thm@topsepadd=\skip72
)
\c@theorem=\count116
\c@proposition=\count117
\c@conjecture=\count118
\c@lemma=\count119
\c@fact=\count120
\c@claim=\count121
\c@construction=\count122
\c@corollary=\count123
\c@definition=\count124
\c@remark=\count125
) (d:/texlive/2018/texmf-dist/tex/latex/multirow/multirow.sty
Package: multirow 2016/11/25 v2.2 Span multiple rows of a table
\multirow@colwidth=\skip73
\multirow@cntb=\count126
\multirow@dima=\skip74
\bigstrutjot=\dimen163
)
(d:/texlive/2018/texmf-dist/tex/latex/overpic/overpic.sty
Package: overpic 2017/10/06 1.0 picture overlays

(d:/texlive/2018/texmf-dist/tex/latex/eepic/epic.sty
Enhancements to Picture Environment. Version 1.2 - Released June 1, 1986
\@@multicnt=\count127
\d@lta=\count128
\@delta=\dimen164
\@@delta=\dimen165
\@gridcnt=\count129
\@joinkind=\count130
\@dotgap=\dimen166
\@ddotgap=\dimen167
\@x@diff=\count131
\@y@diff=\count132
\x@diff=\dimen168
\y@diff=\dimen169
\@dotbox=\box40
\num@segments=\count133
\num@segmentsi=\count134
\@datafile=\read1
)) (d:/texlive/2018/texmf-dist/tex/latex/enumitem/enumitem.sty
Package: enumitem 2011/09/28 v3.5.2 Customized lists
\labelindent=\skip75
\enit@outerparindent=\dimen170
\enit@toks=\toks40
\enit@inbox=\box41
\enitdp@description=\count135
) (./cite.sty
LaTeX Info: Redefining \cite on input line 302.
LaTeX Info: Redefining \nocite on input line 332.
Package: cite 2015/02/27  v 5.5
)
(d:/texlive/2018/texmf-dist/tex/latex/subfig/subfig.sty
Package: subfig 2005/06/28 ver: 1.3 subfig package

(d:/texlive/2018/texmf-dist/tex/latex/caption/caption3.sty
Package: caption3 2016/05/22 v1.7-166 caption3 kernel (AR)
Package caption3 Info: TeX engine: e-TeX on input line 67.
\captionmargin=\dimen171
\captionmargin@=\dimen172
\captionwidth=\dimen173
\caption@tempdima=\dimen174
\caption@indent=\dimen175
\caption@parindent=\dimen176
\caption@hangindent=\dimen177
Package caption Info: Unknown document class (or package),
(caption)             standard defaults will be used.
)
\c@KVtest=\count136
\sf@farskip=\skip76
\sf@captopadj=\dimen178
\sf@capskip=\skip77
\sf@nearskip=\skip78
\c@subfigure=\count137
\c@subfigure@save=\count138
\c@lofdepth=\count139
\c@subtable=\count140
\c@subtable@save=\count141
\c@lotdepth=\count142
\sf@top=\skip79
\sf@bottom=\skip80
)
\c@observation=\count143
\c@problem=\count144

(d:/texlive/2018/texmf-dist/tex/latex/microtype/microtype.sty
Package: microtype 2018/01/14 v2.7a Micro-typographical refinements (RS)
\MT@toks=\toks41
\MT@count=\count145
LaTeX Info: Redefining \textls on input line 793.
\MT@outer@kern=\dimen179
LaTeX Info: Redefining \textmicrotypecontext on input line 1339.
\MT@listname@count=\count146

(d:/texlive/2018/texmf-dist/tex/latex/microtype/microtype-pdftex.def
File: microtype-pdftex.def 2018/01/14 v2.7a Definitions specific to pdftex (RS)

LaTeX Info: Redefining \lsstyle on input line 913.
LaTeX Info: Redefining \lslig on input line 913.
\MT@outer@space=\skip81
)
Package microtype Info: Loading configuration file microtype.cfg.

(d:/texlive/2018/texmf-dist/tex/latex/microtype/microtype.cfg
File: microtype.cfg 2018/01/14 v2.7a microtype main configuration file (RS)
)) (./kmeans.aux)
\openout1 = `kmeans.aux'.

LaTeX Font Info:    Checking defaults for OML/txmi/m/it on input line 137.
LaTeX Font Info:    Try loading font information for OML+txmi on input line 137
.

(d:/texlive/2018/texmf-dist/tex/latex/txfonts/omltxmi.fd
File: omltxmi.fd 2000/12/15 v3.1
)
LaTeX Font Info:    ... okay on input line 137.
LaTeX Font Info:    Checking defaults for T1/cmr/m/n on input line 137.
LaTeX Font Info:    ... okay on input line 137.
LaTeX Font Info:    Checking defaults for OT1/cmr/m/n on input line 137.
LaTeX Font Info:    ... okay on input line 137.
LaTeX Font Info:    Checking defaults for OMS/txsy/m/n on input line 137.
LaTeX Font Info:    Try loading font information for OMS+txsy on input line 137
.

(d:/texlive/2018/texmf-dist/tex/latex/txfonts/omstxsy.fd
File: omstxsy.fd 2000/12/15 v3.1
)
LaTeX Font Info:    ... okay on input line 137.
LaTeX Font Info:    Checking defaults for OMX/txex/m/n on input line 137.
LaTeX Font Info:    Try loading font information for OMX+txex on input line 137
.

(d:/texlive/2018/texmf-dist/tex/latex/txfonts/omxtxex.fd
File: omxtxex.fd 2000/12/15 v3.1
)
LaTeX Font Info:    ... okay on input line 137.
LaTeX Font Info:    Checking defaults for U/txexa/m/n on input line 137.
LaTeX Font Info:    Try loading font information for U+txexa on input line 137.


(d:/texlive/2018/texmf-dist/tex/latex/txfonts/utxexa.fd
File: utxexa.fd 2000/12/15 v3.1
)
LaTeX Font Info:    ... okay on input line 137.
LaTeX Font Info:    Try loading font information for OT1+txr on input line 137.


(d:/texlive/2018/texmf-dist/tex/latex/txfonts/ot1txr.fd
File: ot1txr.fd 2000/12/15 v3.1
)
-- Lines per column: 61 (exact).
(d:/texlive/2018/texmf-dist/tex/context/base/mkii/supp-pdf.mkii
[Loading MPS to PDF converter (version 2006.09.02).]
\scratchcounter=\count147
\scratchdimen=\dimen180
\scratchbox=\box42
\nofMPsegments=\count148
\nofMParguments=\count149
\everyMPshowfont=\toks42
\MPscratchCnt=\count150
\MPscratchDim=\dimen181
\MPnumerator=\count151
\makeMPintoPDFobject=\count152
\everyMPtoPDFconversion=\toks43
)
Package caption Info: Begin \AtBeginDocument code.
Package caption Info: subfig package v1.3 is loaded.
Package caption Info: End \AtBeginDocument code.
LaTeX Info: Redefining \microtypecontext on input line 137.
Package microtype Info: Generating PDF output.
Package microtype Info: Character protrusion enabled (level 2).
Package microtype Info: Using default protrusion set `alltext'.
Package microtype Info: Automatic font expansion enabled (level 2),
(microtype)             stretch: 20, shrink: 20, step: 1, non-selected.
Package microtype Info: Using default expansion set `basictext'.
Package microtype Info: No adjustment of tracking.
Package microtype Info: No adjustment of interword spacing.
Package microtype Info: No adjustment of character kerning.
 (d:/texlive/2018/texmf-dist/tex/latex/microtype/mt-ptm.cfg
File: mt-ptm.cfg 2006/04/20 v1.7 microtype config. file: Times (RS)
)
LaTeX Font Info:    Try loading font information for OT1+txss on input line 179
.

(d:/texlive/2018/texmf-dist/tex/latex/txfonts/ot1txss.fd
File: ot1txss.fd 2000/12/15 v3.1
)
LaTeX Font Info:    Font shape `OT1/txss/m/n' will be
(Font)              scaled to size 22.88542pt on input line 179.
Package microtype Info: Loading generic protrusion settings for font family
(microtype)             `txss' (encoding: OT1).
(microtype)             For optimal results, create family-specific settings.
(microtype)             See the microtype manual for details.
LaTeX Font Info:    Calculating math sizes for size <24.09> on input line 179.
LaTeX Font Info:    Try loading font information for U+txsya on input line 179.


(d:/texlive/2018/texmf-dist/tex/latex/txfonts/utxsya.fd
File: utxsya.fd 2000/12/15 v3.1
)
LaTeX Font Info:    Try loading font information for U+txsyb on input line 179.


(d:/texlive/2018/texmf-dist/tex/latex/txfonts/utxsyb.fd
File: utxsyb.fd 2000/12/15 v3.1
)
(d:/texlive/2018/texmf-dist/tex/latex/microtype/mt-cmr.cfg
File: mt-cmr.cfg 2013/05/19 v2.2 microtype config. file: Computer Modern Roman 
(RS)
)
LaTeX Font Info:    Try loading font information for U+txmia on input line 179.


(d:/texlive/2018/texmf-dist/tex/latex/txfonts/utxmia.fd
File: utxmia.fd 2000/12/15 v3.1
)
LaTeX Font Info:    Try loading font information for U+txsyc on input line 179.


(d:/texlive/2018/texmf-dist/tex/latex/txfonts/utxsyc.fd
File: utxsyc.fd 2000/12/15 v3.1
)
LaTeX Font Info:    Font shape `OT1/txss/m/n' will be
(Font)              scaled to size 9.05879pt on input line 179.
LaTeX Font Info:    Font shape `OT1/txss/m/n' will be
(Font)              scaled to size 10.48914pt on input line 179.
LaTeX Font Info:    Font shape `OT1/txss/m/n' will be
(Font)              scaled to size 7.62846pt on input line 179.
LaTeX Font Info:    Font shape `OT1/txss/bx/n' in size <8.03> not available
(Font)              Font shape `OT1/txss/b/n' tried instead on input line 179.
LaTeX Font Info:    Font shape `OT1/txss/b/n' will be
(Font)              scaled to size 7.62846pt on input line 179.
LaTeX Font Info:    Calculating math sizes for size <8.03> on input line 179.
LaTeX Font Info:    Calculating math sizes for size <11.04124> on input line 17
9.
LaTeX Font Info:    Try loading font information for U+pzd on input line 179.

(d:/texlive/2018/texmf-dist/tex/latex/psnfss/upzd.fd
File: upzd.fd 2001/06/04 font definitions for U/pzd.
) (./introduction.tex
LaTeX Font Info:    Font shape `OT1/txss/bx/n' in size <11.04124> not available

(Font)              Font shape `OT1/txss/b/n' tried instead on input line 2.
LaTeX Font Info:    Font shape `OT1/txss/b/n' will be
(Font)              scaled to size 10.48914pt on input line 2.
LaTeX Font Info:    Font shape `OT1/txss/bx/sc' in size <11.04124> not availabl
e
(Font)              Font shape `OT1/txss/b/sc' tried instead on input line 2.
LaTeX Font Info:    Font shape `OT1/txss/b/sc' will be
(Font)              scaled to size 10.48914pt on input line 2.
LaTeX Font Info:    Calculating math sizes for size <9.53561> on input line 7.
LaTeX Font Info:    Try loading font information for OT1+txtt on input line 38.


(d:/texlive/2018/texmf-dist/tex/latex/txfonts/ot1txtt.fd
File: ot1txtt.fd 2000/12/15 v3.1
)
Package microtype Info: Loading generic protrusion settings for font family
(microtype)             `txtt' (encoding: OT1).
(microtype)             For optimal results, create family-specific settings.
(microtype)             See the microtype manual for details.
LaTeX Font Info:    Font shape `OT1/txss/bx/n' in size <9.53561> not available
(Font)              Font shape `OT1/txss/b/n' tried instead on input line 45.
LaTeX Font Info:    Font shape `OT1/txss/b/n' will be
(Font)              scaled to size 9.05879pt on input line 45.

(./table-cost-summary.tex
LaTeX Font Info:    Calculating math sizes for size <9.03374> on input line 6.

Overfull \hbox (5.25452pt too wide) in paragraph at lines 6--22
[][]
 []

LaTeX Font Info:    Font shape `OT1/txss/m/n' will be
(Font)              scaled to size 5.3399pt on input line 22.
LaTeX Font Info:    Font shape `OT1/txss/m/n' will be
(Font)              scaled to size 3.81422pt on input line 22.
)
LaTeX Font Info:    Font shape `OT1/txss/m/n' will be
(Font)              scaled to size 6.6749pt on input line 97.
 [1{d:/texlive/2018/texmf-var/fonts/map/pdftex/updmap/pdftex.map}


]
Underfull \hbox (badness 1394) in paragraph at lines 140--149
[]\OT1/txr/m/n/9.53561 (+20) Har-Peled and Mazum-dar [5] present core-sets of s
ize
 []

) (./prelim.tex
LaTeX Font Info:    Font shape `OT1/txtt/bx/n' in size <9.53561> not available
(Font)              Font shape `OT1/txtt/b/n' tried instead on input line 39.
 [2]
LaTeX Font Info:    Font shape `OT1/txtt/m/it' in size <9.53561> not available
(Font)              Font shape `OT1/txtt/m/sl' tried instead on input line 134.

) (./background.tex
LaTeX Font Info:    Font shape `OT1/txss/m/it' in size <9.53561> not available
(Font)              Font shape `OT1/txss/m/sl' tried instead on input line 23.
LaTeX Font Info:    Font shape `OT1/txss/m/sl' will be
(Font)              scaled to size 9.05879pt on input line 23.
LaTeX Font Info:    Font shape `OT1/txss/m/it' in size <6.6749> not available
(Font)              Font shape `OT1/txss/m/sl' tried instead on input line 107.

LaTeX Font Info:    Font shape `OT1/txss/m/sl' will be
(Font)              scaled to size 6.34113pt on input line 107.
LaTeX Font Info:    Font shape `OT1/txss/m/it' in size <4.7678> not available
(Font)              Font shape `OT1/txss/m/sl' tried instead on input line 107.

LaTeX Font Info:    Font shape `OT1/txss/m/sl' will be
(Font)              scaled to size 4.52939pt on input line 107.
 [3]
<figs/coreset-tree.pdf, id=33, 578.16pt x 361.35pt>
File: figs/coreset-tree.pdf Graphic file (type pdf)
<use figs/coreset-tree.pdf>
Package pdftex.def Info: figs/coreset-tree.pdf  used on input line 130.
(pdftex.def)             Requested size: 258.96098pt x 199.16766pt.

Overfull \hbox (6.01599pt too wide) in paragraph at lines 130--132
[][] 
 []


Underfull \hbox (badness 10000) in paragraph at lines 202--214
[]\OT1/txr/m/n/9.53561 (+20) By the in-duc-tive hy-poth-e-sis, we know that
 []


Underfull \hbox (badness 1694) in paragraph at lines 202--214
\OT1/txr/m/n/9.53561 (+20) and us-ing Ob-ser-va-tion 2[], we get $\OML/txmi/m/i
t/9.53561 C \OT1/txr/m/n/9.53561 (+20) = [](\OML/txmi/m/it/9.53561 k; ^^M; P\OT
1/txr/m/n/9.53561 (+20) )$
 []


Underfull \hbox (badness 2980) in paragraph at lines 202--214
\OT1/txr/m/n/9.53561 (+20) where $\OML/txmi/m/it/9.53561 ^^M \OT1/txr/m/n/9.535
61 (+20) = (1 + \OML/txmi/m/it/9.53561 ^^O\OT1/txr/m/n/9.53561 (+20) )(1 + \OML
/txmi/m/it/9.53561 ^^O[]\OT1/txr/m/n/9.53561 (+20) ) \OMS/txsy/m/n/9.53561 ^^@ 
\OT1/txr/m/n/9.53561 (+20) 1$. Sim-pli-fy-ing, we get
 []


Underfull \hbox (badness 10000) in paragraph at lines 202--214

 []


Underfull \hbox (badness 10000) in paragraph at lines 343--348

 []


Underfull \hbox (badness 10000) in paragraph at lines 363--382

 []

[4 <./figs/coreset-tree.pdf>]) (./algorithm.tex (./cctree.tex
LaTeX Font Info:    Font shape `OT1/txss/bx/n' in size <6.6749> not available
(Font)              Font shape `OT1/txss/b/n' tried instead on input line 3.
LaTeX Font Info:    Font shape `OT1/txss/b/n' will be
(Font)              scaled to size 6.34113pt on input line 3.
LaTeX Font Info:    Font shape `OT1/txss/bx/n' in size <4.7678> not available
(Font)              Font shape `OT1/txss/b/n' tried instead on input line 3.
LaTeX Font Info:    Font shape `OT1/txss/b/n' will be
(Font)              scaled to size 4.52939pt on input line 3.
<figs/algo-cc.pdf, id=50, 1300.86pt x 542.025pt>
File: figs/algo-cc.pdf Graphic file (type pdf)
<use figs/algo-cc.pdf>
Package pdftex.def Info: figs/algo-cc.pdf  used on input line 15.
(pdftex.def)             Requested size: 507.57408pt x 211.48814pt.

Underfull \hbox (badness 2302) in paragraph at lines 65--75
[]\OT1/txtt/m/n/9.53561 CC \OT1/txr/m/n/9.53561 (+20) caches ev-ery core-set wh
ose right end-point is in
 []


Underfull \hbox (badness 10000) in paragraph at lines 159--172

 []

[5]
Underfull \hbox (badness 10000) in paragraph at lines 193--209

 []


Underfull \hbox (badness 10000) in paragraph at lines 221--228

 []


Underfull \hbox (badness 2065) in paragraph at lines 248--258
[]\OT1/txr/m/n/9.53561 (+20) From Lemma 4[], $\OML/txmi/m/it/9.53561 N[]$ \OT1/
txr/m/n/9.53561 (+20) is al-ways in the \OT1/txtt/m/n/9.53561 cache\OT1/txr/m/n
/9.53561 (+20) . Al-go-
 []


Underfull \hbox (badness 10000) in paragraph at lines 269--277

 []

) (./reccache.tex
Underfull \vbox (badness 10000) has occurred while \output is active []

 [6 <./figs/algo-cc.pdf>]
Overfull \hbox (2.99646pt too wide) in paragraph at lines 164--176
[][]
 []

[7]
Underfull \hbox (badness 10000) in paragraph at lines 233--235

 []


Underfull \hbox (badness 10000) in paragraph at lines 273--285

 []

) (./hybrid.tex
<figs/algo-onlinecc.pdf, id=70, 963.6pt x 542.025pt>
File: figs/algo-onlinecc.pdf Graphic file (type pdf)
<use figs/algo-onlinecc.pdf>
Package pdftex.def Info: figs/algo-onlinecc.pdf  used on input line 11.
(pdftex.def)             Requested size: 253.79099pt x 142.75098pt.

Overfull \hbox (0.846pt too wide) in paragraph at lines 11--12
[][] 
 []


Underfull \vbox (badness 10000) has occurred while \output is active []

 [8]
[9 <./figs/algo-onlinecc.pdf>]
Underfull \hbox (badness 10000) in paragraph at lines 167--171

 []

)
Underfull \hbox (badness 10000) in paragraph at lines 237--29

 []

) (./eval.tex
Overfull \hbox (0.68854pt too wide) in paragraph at lines 60--70
 [][] 
 []

[10] (./exp_k.tex
<expfigs/accuracy_k/covtype_cost_vs_k.pdf, id=103, 348.65945pt x 285.56187pt>
File: expfigs/accuracy_k/covtype_cost_vs_k.pdf Graphic file (type pdf)
<use expfigs/accuracy_k/covtype_cost_vs_k.pdf>
Package pdftex.def Info: expfigs/accuracy_k/covtype_cost_vs_k.pdf  used on inpu
t line 6.
(pdftex.def)             Requested size: 124.30724pt x 101.80872pt.
<expfigs/accuracy_k/power_cost_vs_k.pdf, id=104, 348.65945pt x 285.56187pt>
File: expfigs/accuracy_k/power_cost_vs_k.pdf Graphic file (type pdf)
<use expfigs/accuracy_k/power_cost_vs_k.pdf>
Package pdftex.def Info: expfigs/accuracy_k/power_cost_vs_k.pdf  used on input 
line 9.
(pdftex.def)             Requested size: 124.30724pt x 101.80872pt.
<expfigs/accuracy_k/intrusion_cost_vs_k.pdf, id=105, 373.78458pt x 304.48218pt>

File: expfigs/accuracy_k/intrusion_cost_vs_k.pdf Graphic file (type pdf)
<use expfigs/accuracy_k/intrusion_cost_vs_k.pdf>
Package pdftex.def Info: expfigs/accuracy_k/intrusion_cost_vs_k.pdf  used on in
put line 12.
(pdftex.def)             Requested size: 124.30724pt x 101.25995pt.

Underfull \hbox (badness 10000) in paragraph at lines 12--12
[]\OT1/txss/m/n/8.03 (+20) (c) |\OT1/txtt/m/n/8.03 Intrusion \OT1/txss/m/n/8.03
 (+20) ($\OML/txmi/m/it/8.03 k$\OT1/txtt/m/n/8.03 -means \OT1/txss/m/n/8.03 (+2
0) cost of
 []

<expfigs/accuracy_k/synthetic_cost_vs_k.pdf, id=106, 348.65945pt x 285.56187pt>

File: expfigs/accuracy_k/synthetic_cost_vs_k.pdf Graphic file (type pdf)
<use expfigs/accuracy_k/synthetic_cost_vs_k.pdf>
Package pdftex.def Info: expfigs/accuracy_k/synthetic_cost_vs_k.pdf  used on in
put line 15.
(pdftex.def)             Requested size: 124.30724pt x 101.80872pt.

Overfull \hbox (0.65356pt too wide) in paragraph at lines 6--17
 [][][][][] 
 []

<expfigs/updatetime_k/covtype_update_vs_k.pdf, id=107, 350.38466pt x 276.08115p
t>
File: expfigs/updatetime_k/covtype_update_vs_k.pdf Graphic file (type pdf)
<use expfigs/updatetime_k/covtype_update_vs_k.pdf>
Package pdftex.def Info: expfigs/updatetime_k/covtype_update_vs_k.pdf  used on 
input line 28.
(pdftex.def)             Requested size: 119.12283pt x 93.85791pt.
<expfigs/updatetime_k/power_update_vs_k.pdf, id=108, 350.38466pt x 273.12479pt>

File: expfigs/updatetime_k/power_update_vs_k.pdf Graphic file (type pdf)
<use expfigs/updatetime_k/power_update_vs_k.pdf>
Package pdftex.def Info: expfigs/updatetime_k/power_update_vs_k.pdf  used on in
put line 31.
(pdftex.def)             Requested size: 119.12283pt x 92.85286pt.
<expfigs/updatetime_k/intrusion_update_vs_k.pdf, id=109, 350.38466pt x 273.1247
9pt>
File: expfigs/updatetime_k/intrusion_update_vs_k.pdf Graphic file (type pdf)
<use expfigs/updatetime_k/intrusion_update_vs_k.pdf>
Package pdftex.def Info: expfigs/updatetime_k/intrusion_update_vs_k.pdf  used o
n input line 34.
(pdftex.def)             Requested size: 119.12283pt x 92.85286pt.
<expfigs/updatetime_k/synthetic_update_vs_k.pdf, id=110, 375.50978pt x 273.1247
9pt>
File: expfigs/updatetime_k/synthetic_update_vs_k.pdf Graphic file (type pdf)
<use expfigs/updatetime_k/synthetic_update_vs_k.pdf>
Package pdftex.def Info: expfigs/updatetime_k/synthetic_update_vs_k.pdf  used o
n input line 37.
(pdftex.def)             Requested size: 119.12283pt x 86.64322pt.
<expfigs/querytime_k/covtype_query_vs_k.pdf, id=111, 369.44022pt x 273.12479pt>

File: expfigs/querytime_k/covtype_query_vs_k.pdf Graphic file (type pdf)
<use expfigs/querytime_k/covtype_query_vs_k.pdf>
Package pdftex.def Info: expfigs/querytime_k/covtype_query_vs_k.pdf  used on in
put line 49.
(pdftex.def)             Requested size: 119.12283pt x 88.06435pt.
<expfigs/querytime_k/power_query_vs_k.pdf, id=112, 376.46648pt x 273.12479pt>
File: expfigs/querytime_k/power_query_vs_k.pdf Graphic file (type pdf)
<use expfigs/querytime_k/power_query_vs_k.pdf>
Package pdftex.def Info: expfigs/querytime_k/power_query_vs_k.pdf  used on inpu
t line 52.
(pdftex.def)             Requested size: 119.12283pt x 86.42233pt.
<expfigs/querytime_k/intrusion_query_vs_k.pdf, id=113, 376.46648pt x 273.12479p
t>
File: expfigs/querytime_k/intrusion_query_vs_k.pdf Graphic file (type pdf)
<use expfigs/querytime_k/intrusion_query_vs_k.pdf>
Package pdftex.def Info: expfigs/querytime_k/intrusion_query_vs_k.pdf  used on 
input line 55.
(pdftex.def)             Requested size: 119.12283pt x 86.42233pt.
<expfigs/querytime_k/synthetic_query_vs_k.pdf, id=114, 369.44022pt x 273.12479p
t>
File: expfigs/querytime_k/synthetic_query_vs_k.pdf Graphic file (type pdf)
<use expfigs/querytime_k/synthetic_query_vs_k.pdf>
Package pdftex.def Info: expfigs/querytime_k/synthetic_query_vs_k.pdf  used on 
input line 58.
(pdftex.def)             Requested size: 119.12283pt x 88.06435pt.
<expfigs/totaltime_k/covtype_total_vs_k.pdf, id=115, 369.44022pt x 273.12479pt>

File: expfigs/totaltime_k/covtype_total_vs_k.pdf Graphic file (type pdf)
<use expfigs/totaltime_k/covtype_total_vs_k.pdf>
Package pdftex.def Info: expfigs/totaltime_k/covtype_total_vs_k.pdf  used on in
put line 70.
(pdftex.def)             Requested size: 119.12283pt x 88.06435pt.
<expfigs/totaltime_k/power_total_vs_k.pdf, id=116, 369.44022pt x 273.12479pt>
File: expfigs/totaltime_k/power_total_vs_k.pdf Graphic file (type pdf)
<use expfigs/totaltime_k/power_total_vs_k.pdf>
Package pdftex.def Info: expfigs/totaltime_k/power_total_vs_k.pdf  used on inpu
t line 73.
(pdftex.def)             Requested size: 119.12283pt x 88.06435pt.
<expfigs/totaltime_k/intrusion_total_vs_k.pdf, id=117, 369.44022pt x 273.12479p
t>
File: expfigs/totaltime_k/intrusion_total_vs_k.pdf Graphic file (type pdf)
<use expfigs/totaltime_k/intrusion_total_vs_k.pdf>
Package pdftex.def Info: expfigs/totaltime_k/intrusion_total_vs_k.pdf  used on 
input line 76.
(pdftex.def)             Requested size: 119.12283pt x 88.06435pt.
<expfigs/totaltime_k/synthetic_total_vs_k.pdf, id=118, 369.44022pt x 273.12479p
t>
File: expfigs/totaltime_k/synthetic_total_vs_k.pdf Graphic file (type pdf)
<use expfigs/totaltime_k/synthetic_total_vs_k.pdf>
Package pdftex.def Info: expfigs/totaltime_k/synthetic_total_vs_k.pdf  used on 
input line 79.
(pdftex.def)             Requested size: 119.12283pt x 88.06435pt.
) (./exp_q.tex
<expfigs/totaltime_q/covtype_total_vs_q.pdf, id=119, 382.6599pt x 273.36005pt>
File: expfigs/totaltime_q/covtype_total_vs_q.pdf Graphic file (type pdf)
<use expfigs/totaltime_q/covtype_total_vs_q.pdf>
Package pdftex.def Info: expfigs/totaltime_q/covtype_total_vs_q.pdf  used on in
put line 6.
(pdftex.def)             Requested size: 119.12283pt x 85.09528pt.
<expfigs/totaltime_q/power_total_vs_q.pdf, id=120, 372.60672pt x 273.36005pt>
File: expfigs/totaltime_q/power_total_vs_q.pdf Graphic file (type pdf)
<use expfigs/totaltime_q/power_total_vs_q.pdf>
Package pdftex.def Info: expfigs/totaltime_q/power_total_vs_q.pdf  used on inpu
t line 9.
(pdftex.def)             Requested size: 119.12283pt x 87.39357pt.
<expfigs/totaltime_q/intrusion_total_vs_q.pdf, id=121, 372.60672pt x 273.36005p
t>
File: expfigs/totaltime_q/intrusion_total_vs_q.pdf Graphic file (type pdf)
<use expfigs/totaltime_q/intrusion_total_vs_q.pdf>
Package pdftex.def Info: expfigs/totaltime_q/intrusion_total_vs_q.pdf  used on 
input line 12.
(pdftex.def)             Requested size: 119.12283pt x 87.39357pt.
<expfigs/totaltime_q/synthetic_total_vs_q.pdf, id=122, 372.60672pt x 274.39388p
t>
File: expfigs/totaltime_q/synthetic_total_vs_q.pdf Graphic file (type pdf)
<use expfigs/totaltime_q/synthetic_total_vs_q.pdf>
Package pdftex.def Info: expfigs/totaltime_q/synthetic_total_vs_q.pdf  used on 
input line 15.
(pdftex.def)             Requested size: 119.12283pt x 87.72409pt.
) (./exp_bucketsize.tex
<expfigs/accuracy_bucketsize/covtype_cost_vs_m.pdf, id=123, 363.7314pt x 285.56
187pt>
File: expfigs/accuracy_bucketsize/covtype_cost_vs_m.pdf Graphic file (type pdf)

<use expfigs/accuracy_bucketsize/covtype_cost_vs_m.pdf>
Package pdftex.def Info: expfigs/accuracy_bucketsize/covtype_cost_vs_m.pdf  use
d on input line 6.
(pdftex.def)             Requested size: 119.12283pt x 93.5211pt.
<expfigs/accuracy_bucketsize/power_cost_vs_m.pdf, id=124, 363.7314pt x 285.5618
7pt>
File: expfigs/accuracy_bucketsize/power_cost_vs_m.pdf Graphic file (type pdf)
<use expfigs/accuracy_bucketsize/power_cost_vs_m.pdf>
Package pdftex.def Info: expfigs/accuracy_bucketsize/power_cost_vs_m.pdf  used 
on input line 9.
(pdftex.def)             Requested size: 119.12283pt x 93.5211pt.
<expfigs/accuracy_bucketsize/intrusion_cost_vs_m.pdf, id=125, 373.78458pt x 285
.56187pt>
File: expfigs/accuracy_bucketsize/intrusion_cost_vs_m.pdf Graphic file (type pd
f)
<use expfigs/accuracy_bucketsize/intrusion_cost_vs_m.pdf>
Package pdftex.def Info: expfigs/accuracy_bucketsize/intrusion_cost_vs_m.pdf  u
sed on input line 12.
(pdftex.def)             Requested size: 119.12283pt x 91.00693pt.
<expfigs/accuracy_bucketsize/synthetic_cost_vs_m.pdf, id=126, 348.65945pt x 285
.56187pt>
File: expfigs/accuracy_bucketsize/synthetic_cost_vs_m.pdf Graphic file (type pd
f)
<use expfigs/accuracy_bucketsize/synthetic_cost_vs_m.pdf>
Package pdftex.def Info: expfigs/accuracy_bucketsize/synthetic_cost_vs_m.pdf  u
sed on input line 15.
(pdftex.def)             Requested size: 119.12283pt x 97.5647pt.
<expfigs/update_bucketsize/covtype_update_vs_m.pdf, id=127, 360.43784pt x 276.0
8115pt>
File: expfigs/update_bucketsize/covtype_update_vs_m.pdf Graphic file (type pdf)

<use expfigs/update_bucketsize/covtype_update_vs_m.pdf>
Package pdftex.def Info: expfigs/update_bucketsize/covtype_update_vs_m.pdf  use
d on input line 26.
(pdftex.def)             Requested size: 119.12283pt x 91.24187pt.
<expfigs/update_bucketsize/power_update_vs_m.pdf, id=128, 350.38466pt x 274.121
1pt>
File: expfigs/update_bucketsize/power_update_vs_m.pdf Graphic file (type pdf)
<use expfigs/update_bucketsize/power_update_vs_m.pdf>
Package pdftex.def Info: expfigs/update_bucketsize/power_update_vs_m.pdf  used 
on input line 29.
(pdftex.def)             Requested size: 119.12283pt x 93.19157pt.
<expfigs/update_bucketsize/intrusion_update_vs_m.pdf, id=129, 350.38466pt x 273
.12479pt>
File: expfigs/update_bucketsize/intrusion_update_vs_m.pdf Graphic file (type pd
f)
<use expfigs/update_bucketsize/intrusion_update_vs_m.pdf>
Package pdftex.def Info: expfigs/update_bucketsize/intrusion_update_vs_m.pdf  u
sed on input line 32.
(pdftex.def)             Requested size: 119.12283pt x 92.85286pt.
<expfigs/update_bucketsize/synthetic_update_vs_m.pdf, id=130, 360.43784pt x 273
.12479pt>
File: expfigs/update_bucketsize/synthetic_update_vs_m.pdf Graphic file (type pd
f)
<use expfigs/update_bucketsize/synthetic_update_vs_m.pdf>
Package pdftex.def Info: expfigs/update_bucketsize/synthetic_update_vs_m.pdf  u
sed on input line 35.
(pdftex.def)             Requested size: 119.12283pt x 90.26482pt.
<expfigs/query_bucketsize/covtype_query_vs_m.pdf, id=131, 376.46648pt x 279.359
02pt>
File: expfigs/query_bucketsize/covtype_query_vs_m.pdf Graphic file (type pdf)
<use expfigs/query_bucketsize/covtype_query_vs_m.pdf>
Package pdftex.def Info: expfigs/query_bucketsize/covtype_query_vs_m.pdf  used 
on input line 47.
(pdftex.def)             Requested size: 119.12283pt x 88.39497pt.
<expfigs/query_bucketsize/power_query_vs_m.pdf, id=132, 376.46648pt x 273.12479
pt>
File: expfigs/query_bucketsize/power_query_vs_m.pdf Graphic file (type pdf)
<use expfigs/query_bucketsize/power_query_vs_m.pdf>
Package pdftex.def Info: expfigs/query_bucketsize/power_query_vs_m.pdf  used on
 input line 50.
(pdftex.def)             Requested size: 119.12283pt x 86.42233pt.
<expfigs/query_bucketsize/intrusion_query_vs_m.pdf, id=133, 376.46648pt x 273.1
2479pt>
File: expfigs/query_bucketsize/intrusion_query_vs_m.pdf Graphic file (type pdf)

<use expfigs/query_bucketsize/intrusion_query_vs_m.pdf>
Package pdftex.def Info: expfigs/query_bucketsize/intrusion_query_vs_m.pdf  use
d on input line 53.
(pdftex.def)             Requested size: 119.12283pt x 86.42233pt.
<expfigs/query_bucketsize/synthetic_query_vs_m.pdf, id=134, 376.46648pt x 273.1
2479pt>
File: expfigs/query_bucketsize/synthetic_query_vs_m.pdf Graphic file (type pdf)

<use expfigs/query_bucketsize/synthetic_query_vs_m.pdf>
Package pdftex.def Info: expfigs/query_bucketsize/synthetic_query_vs_m.pdf  use
d on input line 56.
(pdftex.def)             Requested size: 119.12283pt x 86.42233pt.
<expfigs/total_bucketsize/covtype_total_vs_m.pdf, id=135, 369.44022pt x 279.359
02pt>
File: expfigs/total_bucketsize/covtype_total_vs_m.pdf Graphic file (type pdf)
<use expfigs/total_bucketsize/covtype_total_vs_m.pdf>
Package pdftex.def Info: expfigs/total_bucketsize/covtype_total_vs_m.pdf  used 
on input line 67.
(pdftex.def)             Requested size: 119.12283pt x 90.07448pt.
<expfigs/total_bucketsize/power_total_vs_m.pdf, id=136, 369.44022pt x 273.12479
pt>
File: expfigs/total_bucketsize/power_total_vs_m.pdf Graphic file (type pdf)
<use expfigs/total_bucketsize/power_total_vs_m.pdf>
Package pdftex.def Info: expfigs/total_bucketsize/power_total_vs_m.pdf  used on
 input line 70.
(pdftex.def)             Requested size: 119.12283pt x 88.06435pt.
<expfigs/total_bucketsize/intrusion_total_vs_m.pdf, id=137, 369.44022pt x 273.1
2479pt>
File: expfigs/total_bucketsize/intrusion_total_vs_m.pdf Graphic file (type pdf)

<use expfigs/total_bucketsize/intrusion_total_vs_m.pdf>
Package pdftex.def Info: expfigs/total_bucketsize/intrusion_total_vs_m.pdf  use
d on input line 73.
(pdftex.def)             Requested size: 119.12283pt x 88.06435pt.
<expfigs/total_bucketsize/synthetic_total_vs_m.pdf, id=138, 369.44022pt x 273.1
2479pt>
File: expfigs/total_bucketsize/synthetic_total_vs_m.pdf Graphic file (type pdf)

<use expfigs/total_bucketsize/synthetic_total_vs_m.pdf>
Package pdftex.def Info: expfigs/total_bucketsize/synthetic_total_vs_m.pdf  use
d on input line 76.
(pdftex.def)             Requested size: 119.12283pt x 88.06435pt.
) (./exp_poisson.tex
<expfigs/poisson/update/covtype_update_vs_rate.pdf, id=139, 355.36794pt x 301.9
35pt>
File: expfigs/poisson/update/covtype_update_vs_rate.pdf Graphic file (type pdf)

<use expfigs/poisson/update/covtype_update_vs_rate.pdf>
Package pdftex.def Info: expfigs/poisson/update/covtype_update_vs_rate.pdf  use
d on input line 6.
(pdftex.def)             Requested size: 119.12283pt x 101.20988pt.
<expfigs/poisson/update/power_update_vs_rate.pdf, id=140, 355.36794pt x 301.935
pt>
File: expfigs/poisson/update/power_update_vs_rate.pdf Graphic file (type pdf)
<use expfigs/poisson/update/power_update_vs_rate.pdf>
Package pdftex.def Info: expfigs/poisson/update/power_update_vs_rate.pdf  used 
on input line 9.
(pdftex.def)             Requested size: 119.12283pt x 101.20988pt.
<expfigs/poisson/update/intrusion_update_vs_rate.pdf, id=141, 355.36794pt x 301
.935pt>
File: expfigs/poisson/update/intrusion_update_vs_rate.pdf Graphic file (type pd
f)
<use expfigs/poisson/update/intrusion_update_vs_rate.pdf>
Package pdftex.def Info: expfigs/poisson/update/intrusion_update_vs_rate.pdf  u
sed on input line 12.
(pdftex.def)             Requested size: 119.12283pt x 101.20988pt.
<expfigs/poisson/update/synthetic_update_vs_rate.pdf, id=142, 355.36794pt x 301
.935pt>
File: expfigs/poisson/update/synthetic_update_vs_rate.pdf Graphic file (type pd
f)
<use expfigs/poisson/update/synthetic_update_vs_rate.pdf>
Package pdftex.def Info: expfigs/poisson/update/synthetic_update_vs_rate.pdf  u
sed on input line 15.
(pdftex.def)             Requested size: 119.12283pt x 101.20988pt.
<expfigs/poisson/query/covtype_query_vs_rate.pdf, id=143, 374.42351pt x 308.169
24pt>
File: expfigs/poisson/query/covtype_query_vs_rate.pdf Graphic file (type pdf)
<use expfigs/poisson/query/covtype_query_vs_rate.pdf>
Package pdftex.def Info: expfigs/poisson/query/covtype_query_vs_rate.pdf  used 
on input line 26.
(pdftex.def)             Requested size: 119.12283pt x 98.04248pt.
<expfigs/poisson/query/power_query_vs_rate.pdf, id=144, 381.44975pt x 301.935pt
>
File: expfigs/poisson/query/power_query_vs_rate.pdf Graphic file (type pdf)
<use expfigs/poisson/query/power_query_vs_rate.pdf>
Package pdftex.def Info: expfigs/poisson/query/power_query_vs_rate.pdf  used on
 input line 29.
(pdftex.def)             Requested size: 119.12283pt x 94.28995pt.
<expfigs/poisson/query/intrusion_query_vs_rate.pdf, id=145, 374.42351pt x 301.9
35pt>
File: expfigs/poisson/query/intrusion_query_vs_rate.pdf Graphic file (type pdf)

<use expfigs/poisson/query/intrusion_query_vs_rate.pdf>
Package pdftex.def Info: expfigs/poisson/query/intrusion_query_vs_rate.pdf  use
d on input line 32.
(pdftex.def)             Requested size: 119.12283pt x 96.0591pt.
<expfigs/poisson/query/synthetic_query_vs_rate.pdf, id=146, 374.42351pt x 301.9
35pt>
File: expfigs/poisson/query/synthetic_query_vs_rate.pdf Graphic file (type pdf)

<use expfigs/poisson/query/synthetic_query_vs_rate.pdf>
Package pdftex.def Info: expfigs/poisson/query/synthetic_query_vs_rate.pdf  use
d on input line 35.
(pdftex.def)             Requested size: 119.12283pt x 96.0591pt.
<expfigs/poisson/total/covtype_total_vs_rate.pdf, id=147, 374.42351pt x 308.169
24pt>
File: expfigs/poisson/total/covtype_total_vs_rate.pdf Graphic file (type pdf)
<use expfigs/poisson/total/covtype_total_vs_rate.pdf>
Package pdftex.def Info: expfigs/poisson/total/covtype_total_vs_rate.pdf  used 
on input line 46.
(pdftex.def)             Requested size: 119.12283pt x 98.04248pt.
<expfigs/poisson/total/power_total_vs_rate.pdf, id=148, 374.42351pt x 301.935pt
>
File: expfigs/poisson/total/power_total_vs_rate.pdf Graphic file (type pdf)
<use expfigs/poisson/total/power_total_vs_rate.pdf>
Package pdftex.def Info: expfigs/poisson/total/power_total_vs_rate.pdf  used on
 input line 49.
(pdftex.def)             Requested size: 119.12283pt x 96.0591pt.
<expfigs/poisson/total/intrusion_total_vs_rate.pdf, id=149, 374.42351pt x 301.9
35pt>
File: expfigs/poisson/total/intrusion_total_vs_rate.pdf Graphic file (type pdf)

<use expfigs/poisson/total/intrusion_total_vs_rate.pdf>
Package pdftex.def Info: expfigs/poisson/total/intrusion_total_vs_rate.pdf  use
d on input line 52.
(pdftex.def)             Requested size: 119.12283pt x 96.0591pt.
<expfigs/poisson/total/synthetic_total_vs_rate.pdf, id=150, 374.42351pt x 301.9
35pt>
File: expfigs/poisson/total/synthetic_total_vs_rate.pdf Graphic file (type pdf)

<use expfigs/poisson/total/synthetic_total_vs_rate.pdf>
Package pdftex.def Info: expfigs/poisson/total/synthetic_total_vs_rate.pdf  use
d on input line 55.
(pdftex.def)             Requested size: 119.12283pt x 96.0591pt.
) (./exp_threshold.tex
<expfigs/onlinecc_time/covtype_time.pdf, id=151, 349.14565pt x 273.36005pt>
File: expfigs/onlinecc_time/covtype_time.pdf Graphic file (type pdf)
<use expfigs/onlinecc_time/covtype_time.pdf>
Package pdftex.def Info: expfigs/onlinecc_time/covtype_time.pdf  used on input 
line 26.
(pdftex.def)             Requested size: 119.12283pt x 93.26653pt.
<expfigs/onlinecc_time/power_time.pdf, id=152, 349.14565pt x 273.36005pt>
File: expfigs/onlinecc_time/power_time.pdf Graphic file (type pdf)
<use expfigs/onlinecc_time/power_time.pdf>
Package pdftex.def Info: expfigs/onlinecc_time/power_time.pdf  used on input li
ne 29.
(pdftex.def)             Requested size: 119.12283pt x 93.26653pt.
<expfigs/onlinecc_time/intrusion_time.pdf, id=153, 349.14565pt x 273.36005pt>
File: expfigs/onlinecc_time/intrusion_time.pdf Graphic file (type pdf)
<use expfigs/onlinecc_time/intrusion_time.pdf>
Package pdftex.def Info: expfigs/onlinecc_time/intrusion_time.pdf  used on inpu
t line 32.
(pdftex.def)             Requested size: 119.12283pt x 93.26653pt.
<expfigs/onlinecc_time/synthetic_time.pdf, id=154, 349.14565pt x 273.36005pt>
File: expfigs/onlinecc_time/synthetic_time.pdf Graphic file (type pdf)
<use expfigs/onlinecc_time/synthetic_time.pdf>
Package pdftex.def Info: expfigs/onlinecc_time/synthetic_time.pdf  used on inpu
t line 35.
(pdftex.def)             Requested size: 119.12283pt x 93.26653pt.
) (./exp_memory.tex) [11] [12 <./expfigs/accuracy_k/covtype_cost_vs_k.pdf> <./e
xpfigs/accuracy_k/power_cost_vs_k.pdf

pdfTeX warning: pdflatex.exe (file ./expfigs/accuracy_k/power_cost_vs_k.pdf): P
DF inclusion: multiple pdfs with page group included in a single page
> <./expfigs/accuracy_k/intrusion_cost_vs_k.pdf

pdfTeX warning: pdflatex.exe (file ./expfigs/accuracy_k/intrusion_cost_vs_k.pdf
): PDF inclusion: multiple pdfs with page group included in a single page
> <./expfigs/accuracy_k/synthetic_cost_vs_k.pdf

pdfTeX warning: pdflatex.exe (file ./expfigs/accuracy_k/synthetic_cost_vs_k.pdf
): PDF inclusion: multiple pdfs with page group included in a single page
> <./expfigs/updatetime_k/covtype_update_vs_k.pdf

pdfTeX warning: pdflatex.exe (file ./expfigs/updatetime_k/covtype_update_vs_k.p
df): PDF inclusion: multiple pdfs with page group included in a single page
> <./expfigs/updatetime_k/power_update_vs_k.pdf

pdfTeX warning: pdflatex.exe (file ./expfigs/updatetime_k/power_update_vs_k.pdf
): PDF inclusion: multiple pdfs with page group included in a single page
> <./expfigs/updatetime_k/intrusion_update_vs_k.pdf

pdfTeX warning: pdflatex.exe (file ./expfigs/updatetime_k/intrusion_update_vs_k
.pdf): PDF inclusion: multiple pdfs with page group included in a single page
> <./expfigs/updatetime_k/synthetic_update_vs_k.pdf

pdfTeX warning: pdflatex.exe (file ./expfigs/updatetime_k/synthetic_update_vs_k
.pdf): PDF inclusion: multiple pdfs with page group included in a single page
> <./expfigs/querytime_k/covtype_query_vs_k.pdf

pdfTeX warning: pdflatex.exe (file ./expfigs/querytime_k/covtype_query_vs_k.pdf
): PDF inclusion: multiple pdfs with page group included in a single page
> <./expfigs/querytime_k/power_query_vs_k.pdf

pdfTeX warning: pdflatex.exe (file ./expfigs/querytime_k/power_query_vs_k.pdf):
 PDF inclusion: multiple pdfs with page group included in a single page
> <./expfigs/querytime_k/intrusion_query_vs_k.pdf

pdfTeX warning: pdflatex.exe (file ./expfigs/querytime_k/intrusion_query_vs_k.p
df): PDF inclusion: multiple pdfs with page group included in a single page
> <./expfigs/querytime_k/synthetic_query_vs_k.pdf

pdfTeX warning: pdflatex.exe (file ./expfigs/querytime_k/synthetic_query_vs_k.p
df): PDF inclusion: multiple pdfs with page group included in a single page
> <./expfigs/totaltime_k/covtype_total_vs_k.pdf

pdfTeX warning: pdflatex.exe (file ./expfigs/totaltime_k/covtype_total_vs_k.pdf
): PDF inclusion: multiple pdfs with page group included in a single page
> <./expfigs/totaltime_k/power_total_vs_k.pdf

pdfTeX warning: pdflatex.exe (file ./expfigs/totaltime_k/power_total_vs_k.pdf):
 PDF inclusion: multiple pdfs with page group included in a single page
> <./expfigs/totaltime_k/intrusion_total_vs_k.pdf

pdfTeX warning: pdflatex.exe (file ./expfigs/totaltime_k/intrusion_total_vs_k.p
df): PDF inclusion: multiple pdfs with page group included in a single page
> <./expfigs/totaltime_k/synthetic_total_vs_k.pdf

pdfTeX warning: pdflatex.exe (file ./expfigs/totaltime_k/synthetic_total_vs_k.p
df): PDF inclusion: multiple pdfs with page group included in a single page
>] [13 <./expfigs/totaltime_q/covtype_total_vs_q.pdf> <./expfigs/totaltime_q/po
wer_total_vs_q.pdf

pdfTeX warning: pdflatex.exe (file ./expfigs/totaltime_q/power_total_vs_q.pdf):
 PDF inclusion: multiple pdfs with page group included in a single page
> <./expfigs/totaltime_q/intrusion_total_vs_q.pdf

pdfTeX warning: pdflatex.exe (file ./expfigs/totaltime_q/intrusion_total_vs_q.p
df): PDF inclusion: multiple pdfs with page group included in a single page
> <./expfigs/totaltime_q/synthetic_total_vs_q.pdf

pdfTeX warning: pdflatex.exe (file ./expfigs/totaltime_q/synthetic_total_vs_q.p
df): PDF inclusion: multiple pdfs with page group included in a single page
> <./expfigs/accuracy_bucketsize/covtype_cost_vs_m.pdf

pdfTeX warning: pdflatex.exe (file ./expfigs/accuracy_bucketsize/covtype_cost_v
s_m.pdf): PDF inclusion: multiple pdfs with page group included in a single pag
e
> <./expfigs/accuracy_bucketsize/power_cost_vs_m.pdf

pdfTeX warning: pdflatex.exe (file ./expfigs/accuracy_bucketsize/power_cost_vs_
m.pdf): PDF inclusion: multiple pdfs with page group included in a single page
> <./expfigs/accuracy_bucketsize/intrusion_cost_vs_m.pdf

pdfTeX warning: pdflatex.exe (file ./expfigs/accuracy_bucketsize/intrusion_cost
_vs_m.pdf): PDF inclusion: multiple pdfs with page group included in a single p
age
> <./expfigs/accuracy_bucketsize/synthetic_cost_vs_m.pdf

pdfTeX warning: pdflatex.exe (file ./expfigs/accuracy_bucketsize/synthetic_cost
_vs_m.pdf): PDF inclusion: multiple pdfs with page group included in a single p
age
> <./expfigs/update_bucketsize/covtype_update_vs_m.pdf

pdfTeX warning: pdflatex.exe (file ./expfigs/update_bucketsize/covtype_update_v
s_m.pdf): PDF inclusion: multiple pdfs with page group included in a single pag
e
> <./expfigs/update_bucketsize/power_update_vs_m.pdf

pdfTeX warning: pdflatex.exe (file ./expfigs/update_bucketsize/power_update_vs_
m.pdf): PDF inclusion: multiple pdfs with page group included in a single page
> <./expfigs/update_bucketsize/intrusion_update_vs_m.pdf

pdfTeX warning: pdflatex.exe (file ./expfigs/update_bucketsize/intrusion_update
_vs_m.pdf): PDF inclusion: multiple pdfs with page group included in a single p
age
> <./expfigs/update_bucketsize/synthetic_update_vs_m.pdf

pdfTeX warning: pdflatex.exe (file ./expfigs/update_bucketsize/synthetic_update
_vs_m.pdf): PDF inclusion: multiple pdfs with page group included in a single p
age
> <./expfigs/query_bucketsize/covtype_query_vs_m.pdf

pdfTeX warning: pdflatex.exe (file ./expfigs/query_bucketsize/covtype_query_vs_
m.pdf): PDF inclusion: multiple pdfs with page group included in a single page
> <./expfigs/query_bucketsize/power_query_vs_m.pdf

pdfTeX warning: pdflatex.exe (file ./expfigs/query_bucketsize/power_query_vs_m.
pdf): PDF inclusion: multiple pdfs with page group included in a single page
> <./expfigs/query_bucketsize/intrusion_query_vs_m.pdf

pdfTeX warning: pdflatex.exe (file ./expfigs/query_bucketsize/intrusion_query_v
s_m.pdf): PDF inclusion: multiple pdfs with page group included in a single pag
e
> <./expfigs/query_bucketsize/synthetic_query_vs_m.pdf

pdfTeX warning: pdflatex.exe (file ./expfigs/query_bucketsize/synthetic_query_v
s_m.pdf): PDF inclusion: multiple pdfs with page group included in a single pag
e
>] [14 <./expfigs/total_bucketsize/covtype_total_vs_m.pdf> <./expfigs/total_buc
ketsize/power_total_vs_m.pdf

pdfTeX warning: pdflatex.exe (file ./expfigs/total_bucketsize/power_total_vs_m.
pdf): PDF inclusion: multiple pdfs with page group included in a single page
> <./expfigs/total_bucketsize/intrusion_total_vs_m.pdf

pdfTeX warning: pdflatex.exe (file ./expfigs/total_bucketsize/intrusion_total_v
s_m.pdf): PDF inclusion: multiple pdfs with page group included in a single pag
e
> <./expfigs/total_bucketsize/synthetic_total_vs_m.pdf

pdfTeX warning: pdflatex.exe (file ./expfigs/total_bucketsize/synthetic_total_v
s_m.pdf): PDF inclusion: multiple pdfs with page group included in a single pag
e
> <./expfigs/poisson/update/covtype_update_vs_rate.pdf

pdfTeX warning: pdflatex.exe (file ./expfigs/poisson/update/covtype_update_vs_r
ate.pdf): PDF inclusion: multiple pdfs with page group included in a single pag
e
> <./expfigs/poisson/update/power_update_vs_rate.pdf

pdfTeX warning: pdflatex.exe (file ./expfigs/poisson/update/power_update_vs_rat
e.pdf): PDF inclusion: multiple pdfs with page group included in a single page
> <./expfigs/poisson/update/intrusion_update_vs_rate.pdf

pdfTeX warning: pdflatex.exe (file ./expfigs/poisson/update/intrusion_update_vs
_rate.pdf): PDF inclusion: multiple pdfs with page group included in a single p
age
> <./expfigs/poisson/update/synthetic_update_vs_rate.pdf

pdfTeX warning: pdflatex.exe (file ./expfigs/poisson/update/synthetic_update_vs
_rate.pdf): PDF inclusion: multiple pdfs with page group included in a single p
age
> <./expfigs/poisson/query/covtype_query_vs_rate.pdf

pdfTeX warning: pdflatex.exe (file ./expfigs/poisson/query/covtype_query_vs_rat
e.pdf): PDF inclusion: multiple pdfs with page group included in a single page
> <./expfigs/poisson/query/power_query_vs_rate.pdf

pdfTeX warning: pdflatex.exe (file ./expfigs/poisson/query/power_query_vs_rate.
pdf): PDF inclusion: multiple pdfs with page group included in a single page
> <./expfigs/poisson/query/intrusion_query_vs_rate.pdf

pdfTeX warning: pdflatex.exe (file ./expfigs/poisson/query/intrusion_query_vs_r
ate.pdf): PDF inclusion: multiple pdfs with page group included in a single pag
e
> <./expfigs/poisson/query/synthetic_query_vs_rate.pdf

pdfTeX warning: pdflatex.exe (file ./expfigs/poisson/query/synthetic_query_vs_r
ate.pdf): PDF inclusion: multiple pdfs with page group included in a single pag
e
> <./expfigs/poisson/total/covtype_total_vs_rate.pdf

pdfTeX warning: pdflatex.exe (file ./expfigs/poisson/total/covtype_total_vs_rat
e.pdf): PDF inclusion: multiple pdfs with page group included in a single page
> <./expfigs/poisson/total/power_total_vs_rate.pdf

pdfTeX warning: pdflatex.exe (file ./expfigs/poisson/total/power_total_vs_rate.
pdf): PDF inclusion: multiple pdfs with page group included in a single page
> <./expfigs/poisson/total/intrusion_total_vs_rate.pdf

pdfTeX warning: pdflatex.exe (file ./expfigs/poisson/total/intrusion_total_vs_r
ate.pdf): PDF inclusion: multiple pdfs with page group included in a single pag
e
> <./expfigs/poisson/total/synthetic_total_vs_rate.pdf

pdfTeX warning: pdflatex.exe (file ./expfigs/poisson/total/synthetic_total_vs_r
ate.pdf): PDF inclusion: multiple pdfs with page group included in a single pag
e
>]) (./concl.tex) (./kmeans.bbl [15 <./expfigs/onlinecc_time/covtype_time.pdf> 
<./expfigs/onlinecc_time/power_time.pdf

pdfTeX warning: pdflatex.exe (file ./expfigs/onlinecc_time/power_time.pdf): PDF
 inclusion: multiple pdfs with page group included in a single page
> <./expfigs/onlinecc_time/intrusion_time.pdf

pdfTeX warning: pdflatex.exe (file ./expfigs/onlinecc_time/intrusion_time.pdf):
 PDF inclusion: multiple pdfs with page group included in a single page
> <./expfigs/onlinecc_time/synthetic_time.pdf

pdfTeX warning: pdflatex.exe (file ./expfigs/onlinecc_time/synthetic_time.pdf):
 PDF inclusion: multiple pdfs with page group included in a single page
>])
<photos/yu.jpg, id=2337, 199.74625pt x 200.75pt>
File: photos/yu.jpg Graphic file (type jpg)
<use photos/yu.jpg>
Package pdftex.def Info: photos/yu.jpg  used on input line 219.
(pdftex.def)             Requested size: 72.26823pt x 72.6314pt.
File: photos/yu.jpg Graphic file (type jpg)
<use photos/yu.jpg>
Package pdftex.def Info: photos/yu.jpg  used on input line 219.
(pdftex.def)             Requested size: 72.26823pt x 72.6314pt.
<photos/kanat.jpg, id=2340, 85.48509pt x 116.25145pt>
File: photos/kanat.jpg Graphic file (type jpg)
<use photos/kanat.jpg>
Package pdftex.def Info: photos/kanat.jpg  used on input line 223.
(pdftex.def)             Requested size: 66.42896pt x 90.33694pt.
File: photos/kanat.jpg Graphic file (type jpg)
<use photos/kanat.jpg>
Package pdftex.def Info: photos/kanat.jpg  used on input line 223.
(pdftex.def)             Requested size: 66.42896pt x 90.33694pt.
<photos/snt.jpg, id=2343, 301.125pt x 216.81pt>
File: photos/snt.jpg Graphic file (type jpg)
<use photos/snt.jpg>
Package pdftex.def Info: photos/snt.jpg  used on input line 228.
(pdftex.def)             Requested size: 72.27147pt x 52.03546pt.
File: photos/snt.jpg Graphic file (type jpg)
<use photos/snt.jpg>
Package pdftex.def Info: photos/snt.jpg  used on input line 228.
(pdftex.def)             Requested size: 72.27147pt x 52.03546pt.
\tf@thm=\write3
\openout3 = `kmeans.thm'.

 [16

 <./photos/yu.jpg> <./photos/kanat.jpg> <./photos/snt.jpg>]
(./kmeans.aux)

LaTeX Font Warning: Size substitutions with differences
(Font)              up to 2.6161pt have occurred.

 ) 
Here is how much of TeX's memory you used:
 10870 strings out of 492649
 174103 string characters out of 6133399
 312909 words of memory out of 5000000
 13889 multiletter control sequences out of 15000+600000
 194430 words of font info for 758 fonts, out of 8000000 for 9000
 1141 hyphenation exceptions out of 8191
 42i,19n,49p,989b,435s stack positions out of 5000i,500n,10000p,200000b,80000s
{d:/texlive/2018/texmf-dist/fonts/enc/dvips/base/8r.enc}<d:/texlive/2018/texm
f-dist/fonts/type1/public/txfonts/rtxbmi.pfb><d:/texlive/2018/texmf-dist/fonts/
type1/public/txfonts/rtxbsssc.pfb><d:/texlive/2018/texmf-dist/fonts/type1/publi
c/txfonts/rtxi.pfb><d:/texlive/2018/texmf-dist/fonts/type1/public/txfonts/rtxmi
.pfb><d:/texlive/2018/texmf-dist/fonts/type1/public/txfonts/rtxr.pfb><d:/texliv
e/2018/texmf-dist/fonts/type1/public/txfonts/rtxsc.pfb><d:/texlive/2018/texmf-d
ist/fonts/type1/public/txfonts/txbtt.pfb><d:/texlive/2018/texmf-dist/fonts/type
1/public/txfonts/txex.pfb><d:/texlive/2018/texmf-dist/fonts/type1/public/txfont
s/txsy.pfb><d:/texlive/2018/texmf-dist/fonts/type1/public/txfonts/txsya.pfb><d:
/texlive/2018/texmf-dist/fonts/type1/public/txfonts/txsyb.pfb><d:/texlive/2018/
texmf-dist/fonts/type1/public/txfonts/txsyc.pfb><d:/texlive/2018/texmf-dist/fon
ts/type1/public/txfonts/txtt.pfb><d:/texlive/2018/texmf-dist/fonts/type1/public
/txfonts/txtt.pfb><d:/texlive/2018/texmf-dist/fonts/type1/urw/helvetic/uhvb8a.p
fb><d:/texlive/2018/texmf-dist/fonts/type1/urw/helvetic/uhvr8a.pfb><d:/texlive/
2018/texmf-dist/fonts/type1/urw/helvetic/uhvr8a.pfb><d:/texlive/2018/texmf-dist
/fonts/type1/urw/times/utmb8a.pfb><d:/texlive/2018/texmf-dist/fonts/type1/urw/t
imes/utmbi8a.pfb><d:/texlive/2018/texmf-dist/fonts/type1/urw/times/utmr8a.pfb><
d:/texlive/2018/texmf-dist/fonts/type1/urw/times/utmri8a.pfb><d:/texlive/2018/t
exmf-dist/fonts/type1/urw/zapfding/uzdr.pfb>
Output written on kmeans.pdf (16 pages, 2038856 bytes).
PDF statistics:
 2423 PDF objects out of 2487 (max. 8388607)
 632 compressed objects within 7 object streams
 0 named destinations out of 1000 (max. 500000)
 99143 words of extra memory for PDF output out of 106986 (max. 10000000)

